<?xml version="1.0" encoding="UTF-8"?>
<testsuite name="ActividadVyVS_Test" tests="7" skipped="0" failures="0" errors="0" timestamp="2021-10-24T15:17:21" hostname="DESKTOP-LQ8A2ED" time="0.027">
  <properties/>
  <testcase name="buzzTest()" classname="ActividadVyVS_Test" time="0.019"/>
  <testcase name="fizzTest()" classname="ActividadVyVS_Test" time="0.001"/>
  <testcase name="anioNoBisiestoTest()" classname="ActividadVyVS_Test" time="0.002"/>
  <testcase name="fizzBuzzTest()" classname="ActividadVyVS_Test" time="0.001"/>
  <testcase name="fizzBuzzNofizzbuzzTest()" classname="ActividadVyVS_Test" time="0.001"/>
  <testcase name="anioBisiestoTest()" classname="ActividadVyVS_Test" time="0.001"/>
  <testcase name="contarCaracteresTest()" classname="ActividadVyVS_Test" time="0.001"/>
  <system-out><![CDATA[]]></system-out>
  <system-err><![CDATA[]]></system-err>
</testsuite>
